<?xml version="1.0" encoding="UTF-8"?>
<!-- Generated by org.testng.reporters.JUnitReportReporter -->
<testsuite hostname="DESKTOP-6MCO3NS" failures="0" tests="9" name="com.qa.opencart.tests.ProductPageInfoTest" time="10.604" errors="1" timestamp="2023-07-06T14:23:31 IST" skipped="8">
  <testcase classname="com.qa.opencart.tests.ProductPageInfoTest" name="productImageCountTest" time="0.000">
    <skipped/>
  </testcase> <!-- productImageCountTest -->
  <system-out/>
  <testcase classname="com.qa.opencart.tests.ProductPageInfoTest" name="ProductInfoPageSetup" time="10.604">
    <error message="Expected condition failed: waiting for visibility of element located by By.id: input-email (tried for 10 second(s) with 500 milliseconds interval)
Build info: version: &#039;4.9.0&#039;, revision: &#039;d7057100a6&#039;
System info: os.name: &#039;Windows 10&#039;, os.arch: &#039;amd64&#039;, os.version: &#039;10.0&#039;, java.version: &#039;17.0.6&#039;
Driver info: org.openqa.selenium.chrome.ChromeDriver
Capabilities {acceptInsecureCerts: false, browserName: chrome, browserVersion: 114.0.5735.199, chrome: {chromedriverVersion: 114.0.5735.90 (386bc09e8f4f..., userDataDir: C:\Users\admin\AppData\Loca...}, goog:chromeOptions: {debuggerAddress: localhost:52932}, networkConnectionEnabled: false, pageLoadStrategy: normal, platformName: WINDOWS, proxy: Proxy(), se:cdp: ws://localhost:52932/devtoo..., se:cdpVersion: 114.0.5735.199, setWindowRect: true, strictFileInteractability: false, timeouts: {implicit: 0, pageLoad: 300000, script: 30000}, unhandledPromptBehavior: dismiss and notify, webauthn:extension:credBlob: true, webauthn:extension:largeBlob: true, webauthn:extension:minPinLength: true, webauthn:extension:prf: true, webauthn:virtualAuthenticators: true}
Session ID: d33638e7d3f308d832539e3f7b9aa4f8" type="org.openqa.selenium.TimeoutException">
      <![CDATA[org.openqa.selenium.TimeoutException: Expected condition failed: waiting for visibility of element located by By.id: input-email (tried for 10 second(s) with 500 milliseconds interval)
Build info: version: '4.9.0', revision: 'd7057100a6'
System info: os.name: 'Windows 10', os.arch: 'amd64', os.version: '10.0', java.version: '17.0.6'
Driver info: org.openqa.selenium.chrome.ChromeDriver
Capabilities {acceptInsecureCerts: false, browserName: chrome, browserVersion: 114.0.5735.199, chrome: {chromedriverVersion: 114.0.5735.90 (386bc09e8f4f..., userDataDir: C:\Users\admin\AppData\Loca...}, goog:chromeOptions: {debuggerAddress: localhost:52932}, networkConnectionEnabled: false, pageLoadStrategy: normal, platformName: WINDOWS, proxy: Proxy(), se:cdp: ws://localhost:52932/devtoo..., se:cdpVersion: 114.0.5735.199, setWindowRect: true, strictFileInteractability: false, timeouts: {implicit: 0, pageLoad: 300000, script: 30000}, unhandledPromptBehavior: dismiss and notify, webauthn:extension:credBlob: true, webauthn:extension:largeBlob: true, webauthn:extension:minPinLength: true, webauthn:extension:prf: true, webauthn:virtualAuthenticators: true}
Session ID: d33638e7d3f308d832539e3f7b9aa4f8
at org.openqa.selenium.support.ui.WebDriverWait.timeoutException(WebDriverWait.java:138)
at org.openqa.selenium.support.ui.FluentWait.until(FluentWait.java:231)
at com.qa.opencart.utils.ElementUtil.waitForElementVisible(ElementUtil.java:203)
at com.qa.opencart.pages.LoginPage.doLogin(LoginPage.java:69)
at com.qa.opencart.tests.ProductPageInfoTest.ProductInfoPageSetup(ProductPageInfoTest.java:16)
at java.base/jdk.internal.reflect.NativeMethodAccessorImpl.invoke0(Native Method)
at java.base/jdk.internal.reflect.NativeMethodAccessorImpl.invoke(NativeMethodAccessorImpl.java:77)
at java.base/jdk.internal.reflect.DelegatingMethodAccessorImpl.invoke(DelegatingMethodAccessorImpl.java:43)
at java.base/java.lang.reflect.Method.invoke(Method.java:568)
at org.testng.internal.MethodInvocationHelper.invokeMethod(MethodInvocationHelper.java:133)
at org.testng.internal.MethodInvocationHelper.invokeMethodConsideringTimeout(MethodInvocationHelper.java:62)
at org.testng.internal.ConfigInvoker.invokeConfigurationMethod(ConfigInvoker.java:385)
at org.testng.internal.ConfigInvoker.invokeConfigurations(ConfigInvoker.java:321)
at org.testng.internal.TestMethodWorker.invokeBeforeClassMethods(TestMethodWorker.java:176)
at org.testng.internal.TestMethodWorker.run(TestMethodWorker.java:122)
at java.base/java.util.ArrayList.forEach(ArrayList.java:1511)
at org.testng.TestRunner.privateRun(TestRunner.java:794)
at org.testng.TestRunner.run(TestRunner.java:596)
at org.testng.SuiteRunner.runTest(SuiteRunner.java:377)
at org.testng.SuiteRunner.access$000(SuiteRunner.java:28)
at org.testng.SuiteRunner$SuiteWorker.run(SuiteRunner.java:418)
at org.testng.internal.thread.ThreadUtil.lambda$execute$0(ThreadUtil.java:64)
at java.base/java.util.concurrent.FutureTask.run(FutureTask.java:264)
at java.base/java.util.concurrent.ThreadPoolExecutor.runWorker(ThreadPoolExecutor.java:1136)
at java.base/java.util.concurrent.ThreadPoolExecutor$Worker.run(ThreadPoolExecutor.java:635)
at java.base/java.lang.Thread.run(Thread.java:833)
]]>
    </error>
  </testcase> <!-- ProductInfoPageSetup -->
  <system-out/>
  <testcase classname="com.qa.opencart.tests.ProductPageInfoTest" name="productImageCountTest" time="0.000">
    <skipped/>
  </testcase> <!-- productImageCountTest -->
  <system-out/>
  <testcase classname="com.qa.opencart.tests.ProductPageInfoTest" name="productImageCountTest" time="0.000">
    <skipped/>
  </testcase> <!-- productImageCountTest -->
  <system-out/>
  <testcase classname="com.qa.opencart.tests.ProductPageInfoTest" name="productImageCountTest" time="0.000">
    <skipped/>
  </testcase> <!-- productImageCountTest -->
  <system-out/>
  <testcase classname="com.qa.opencart.tests.ProductPageInfoTest" name="productImageCountTest" time="0.000">
    <skipped/>
  </testcase> <!-- productImageCountTest -->
  <system-out/>
  <testcase classname="com.qa.opencart.tests.ProductPageInfoTest" name="addTocartTest" time="0.000">
    <skipped/>
  </testcase> <!-- addTocartTest -->
  <system-out/>
  <testcase classname="com.qa.opencart.tests.ProductPageInfoTest" name="getProdcutInfoTest" time="0.000">
    <skipped/>
  </testcase> <!-- getProdcutInfoTest -->
  <system-out/>
  <testcase classname="com.qa.opencart.tests.ProductPageInfoTest" name="productImageCountTest" time="0.000">
    <skipped/>
  </testcase> <!-- productImageCountTest -->
  <system-out/>
</testsuite> <!-- com.qa.opencart.tests.ProductPageInfoTest -->
